# JRE version: Java(TM) SE Runtime Environment (8.0_73-b02) (build 1.8.0_73-b02)
# Java VM: Java HotSpot(TM) 64-Bit Server VM (25.73-b02 mixed mode windows-amd64 compressed oops)
Heap:
 PSYoungGen      total 412672K, used 346608K [0x00000000d5f00000, 0x00000000f0580000, 0x0000000100000000)
  eden space 393728K, 88% used [0x00000000d5f00000,0x00000000eb17c150,0x00000000edf80000)
  from space 18944K, 0% used [0x00000000ef300000,0x00000000ef300000,0x00000000f0580000)
  to   space 19456K, 0% used [0x00000000edf80000,0x00000000edf80000,0x00000000ef280000)
 ParOldGen       total 143872K, used 31651K [0x0000000081c00000, 0x000000008a880000, 0x00000000d5f00000)
  object space 143872K, 21% used [0x0000000081c00000,0x0000000083ae8df0,0x000000008a880000)
 Metaspace       used 60793K, capacity 61550K, committed 62080K, reserved 1103872K
  class space    used 7762K, capacity 7979K, committed 8064K, reserved 1048576K
GC Heap History (10 events):
Event: 1163.028 GC heap before
{Heap before GC invocations=17 (full 3):
 PSYoungGen      total 323072K, used 48423K [0x00000000d5f00000, 0x00000000eb300000, 0x0000000100000000)
  eden space 309248K, 15% used [0x00000000d5f00000,0x00000000d8e49f40,0x00000000e8d00000)
  from space 13824K, 0% used [0x00000000e9980000,0x00000000e9980000,0x00000000ea700000)
  to   space 12288K, 0% used [0x00000000ea700000,0x00000000ea700000,0x00000000eb300000)
 ParOldGen       total 143872K, used 39134K [0x0000000081c00000, 0x000000008a880000, 0x00000000d5f00000)
  object space 143872K, 27% used [0x0000000081c00000,0x00000000842378c0,0x000000008a880000)
 Metaspace       used 59141K, capacity 59954K, committed 60248K, reserved 1101824K
  class space    used 7713K, capacity 7907K, committed 7936K, reserved 1048576K
Event: 1163.036 GC heap after
Heap after GC invocations=17 (full 3):
 PSYoungGen      total 328192K, used 1218K [0x00000000d5f00000, 0x00000000f0600000, 0x0000000100000000)
  eden space 315904K, 0% used [0x00000000d5f00000,0x00000000d5f00000,0x00000000e9380000)
  from space 12288K, 9% used [0x00000000ea700000,0x00000000ea830a68,0x00000000eb300000)
  to   space 19968K, 0% used [0x00000000e9380000,0x00000000e9380000,0x00000000ea700000)
 ParOldGen       total 143872K, used 39142K [0x0000000081c00000, 0x000000008a880000, 0x00000000d5f00000)
  object space 143872K, 27% used [0x0000000081c00000,0x00000000842398c0,0x000000008a880000)
 Metaspace       used 59141K, capacity 59954K, committed 60248K, reserved 1101824K
  class space    used 7713K, capacity 7907K, committed 7936K, reserved 1048576K
}
Event: 1163.036 GC heap before
{Heap before GC invocations=18 (full 4):
 PSYoungGen      total 328192K, used 1218K [0x00000000d5f00000, 0x00000000f0600000, 0x0000000100000000)
  eden space 315904K, 0% used [0x00000000d5f00000,0x00000000d5f00000,0x00000000e9380000)
  from space 12288K, 9% used [0x00000000ea700000,0x00000000ea830a68,0x00000000eb300000)
  to   space 19968K, 0% used [0x00000000e9380000,0x00000000e9380000,0x00000000ea700000)
 ParOldGen       total 143872K, used 39142K [0x0000000081c00000, 0x000000008a880000, 0x00000000d5f00000)
  object space 143872K, 27% used [0x0000000081c00000,0x00000000842398c0,0x000000008a880000)
 Metaspace       used 59141K, capacity 59954K, committed 60248K, reserved 1101824K
  class space    used 7713K, capacity 7907K, committed 7936K, reserved 1048576K
Event: 1163.358 GC heap after
Heap after GC invocations=18 (full 4):
 PSYoungGen      total 328192K, used 0K [0x00000000d5f00000, 0x00000000f0600000, 0x0000000100000000)
  eden space 315904K, 0% used [0x00000000d5f00000,0x00000000d5f00000,0x00000000e9380000)
  from space 12288K, 0% used [0x00000000ea700000,0x00000000ea700000,0x00000000eb300000)
  to   space 19968K, 0% used [0x00000000e9380000,0x00000000e9380000,0x00000000ea700000)
 ParOldGen       total 143872K, used 33513K [0x0000000081c00000, 0x000000008a880000, 0x00000000d5f00000)
  object space 143872K, 23% used [0x0000000081c00000,0x0000000083cba400,0x000000008a880000)
 Metaspace       used 59141K, capacity 59954K, committed 60248K, reserved 1101824K
  class space    used 7713K, capacity 7907K, committed 7936K, reserved 1048576K
}
Event: 1170.266 GC heap before
{Heap before GC invocations=19 (full 4):
 PSYoungGen      total 328192K, used 315904K [0x00000000d5f00000, 0x00000000f0600000, 0x0000000100000000)
  eden space 315904K, 100% used [0x00000000d5f00000,0x00000000e9380000,0x00000000e9380000)
  from space 12288K, 0% used [0x00000000ea700000,0x00000000ea700000,0x00000000eb300000)
  to   space 19968K, 0% used [0x00000000e9380000,0x00000000e9380000,0x00000000ea700000)
 ParOldGen       total 143872K, used 33513K [0x0000000081c00000, 0x000000008a880000, 0x00000000d5f00000)
  object space 143872K, 23% used [0x0000000081c00000,0x0000000083cba400,0x000000008a880000)
 Metaspace       used 59997K, capacity 60952K, committed 61144K, reserved 1101824K
  class space    used 7756K, capacity 7976K, committed 8064K, reserved 1048576K
Event: 1170.289 GC heap after
Heap after GC invocations=19 (full 4):
 PSYoungGen      total 335872K, used 12418K [0x00000000d5f00000, 0x00000000f0680000, 0x0000000100000000)
  eden space 315904K, 0% used [0x00000000d5f00000,0x00000000d5f00000,0x00000000e9380000)
  from space 19968K, 62% used [0x00000000e9380000,0x00000000e9fa0b78,0x00000000ea700000)
  to   space 19968K, 0% used [0x00000000ef300000,0x00000000ef300000,0x00000000f0680000)
 ParOldGen       total 143872K, used 33513K [0x0000000081c00000, 0x000000008a880000, 0x00000000d5f00000)
  object space 143872K, 23% used [0x0000000081c00000,0x0000000083cba400,0x000000008a880000)
 Metaspace       used 59997K, capacity 60952K, committed 61144K, reserved 1101824K
  class space    used 7756K, capacity 7976K, committed 8064K, reserved 1048576K
}
Event: 2692.841 GC heap before
{Heap before GC invocations=20 (full 4):
 PSYoungGen      total 335872K, used 231656K [0x00000000d5f00000, 0x00000000f0680000, 0x0000000100000000)
  eden space 315904K, 69% used [0x00000000d5f00000,0x00000000e3519838,0x00000000e9380000)
  from space 19968K, 62% used [0x00000000e9380000,0x00000000e9fa0b78,0x00000000ea700000)
  to   space 19968K, 0% used [0x00000000ef300000,0x00000000ef300000,0x00000000f0680000)
 ParOldGen       total 143872K, used 33513K [0x0000000081c00000, 0x000000008a880000, 0x00000000d5f00000)
  object space 143872K, 23% used [0x0000000081c00000,0x0000000083cba400,0x000000008a880000)
 Metaspace       used 60375K, capacity 61412K, committed 61568K, reserved 1103872K
  class space    used 7774K, capacity 8017K, committed 8064K, reserved 1048576K
Event: 2692.880 GC heap after
Heap after GC invocations=20 (full 4):
 PSYoungGen      total 412672K, used 6862K [0x00000000d5f00000, 0x00000000f0580000, 0x0000000100000000)
  eden space 393728K, 0% used [0x00000000d5f00000,0x00000000d5f00000,0x00000000edf80000)
  from space 18944K, 36% used [0x00000000ef300000,0x00000000ef9b3a40,0x00000000f0580000)
  to   space 19456K, 0% used [0x00000000edf80000,0x00000000edf80000,0x00000000ef280000)
 ParOldGen       total 143872K, used 33521K [0x0000000081c00000, 0x000000008a880000, 0x00000000d5f00000)
  object space 143872K, 23% used [0x0000000081c00000,0x0000000083cbc400,0x000000008a880000)
 Metaspace       used 60375K, capacity 61412K, committed 61568K, reserved 1103872K
  class space    used 7774K, capacity 8017K, committed 8064K, reserved 1048576K
}
Event: 2692.880 GC heap before
{Heap before GC invocations=21 (full 5):
 PSYoungGen      total 412672K, used 6862K [0x00000000d5f00000, 0x00000000f0580000, 0x0000000100000000)
  eden space 393728K, 0% used [0x00000000d5f00000,0x00000000d5f00000,0x00000000edf80000)
  from space 18944K, 36% used [0x00000000ef300000,0x00000000ef9b3a40,0x00000000f0580000)
  to   space 19456K, 0% used [0x00000000edf80000,0x00000000edf80000,0x00000000ef280000)
 ParOldGen       total 143872K, used 33521K [0x0000000081c00000, 0x000000008a880000, 0x00000000d5f00000)
  object space 143872K, 23% used [0x0000000081c00000,0x0000000083cbc400,0x000000008a880000)
 Metaspace       used 60375K, capacity 61412K, committed 61568K, reserved 1103872K
  class space    used 7774K, capacity 8017K, committed 8064K, reserved 1048576K
Event: 2693.188 GC heap after
Heap after GC invocations=21 (full 5):
 PSYoungGen      total 412672K, used 0K [0x00000000d5f00000, 0x00000000f0580000, 0x0000000100000000)
  eden space 393728K, 0% used [0x00000000d5f00000,0x00000000d5f00000,0x00000000edf80000)
  from space 18944K, 0% used [0x00000000ef300000,0x00000000ef300000,0x00000000f0580000)
  to   space 19456K, 0% used [0x00000000edf80000,0x00000000edf80000,0x00000000ef280000)
 ParOldGen       total 143872K, used 31651K [0x0000000081c00000, 0x000000008a880000, 0x00000000d5f00000)
  object space 143872K, 21% used [0x0000000081c00000,0x0000000083ae8df0,0x000000008a880000)
 Metaspace       used 60150K, capacity 60934K, committed 61568K, reserved 1103872K
  class space    used 7727K, capacity 7931K, committed 8064K, reserved 1048576K
}

