# JRE version: Java(TM) SE Runtime Environment (8.0_73-b02) (build 1.8.0_73-b02)
# Java VM: Java HotSpot(TM) 64-Bit Server VM (25.73-b02 mixed mode windows-amd64 compressed oops)
Heap:
 PSYoungGen      total 535552K, used 441200K [0x00000000d5f00000, 0x00000000f7f00000, 0x0000000100000000)
  eden space 515072K, 85% used [0x00000000d5f00000,0x00000000f0ddc230,0x00000000f5600000)
  from space 20480K, 0% used [0x00000000f6b00000,0x00000000f6b00000,0x00000000f7f00000)
  to   space 20992K, 0% used [0x00000000f5600000,0x00000000f5600000,0x00000000f6a80000)
 ParOldGen       total 157184K, used 31997K [0x0000000081c00000, 0x000000008b580000, 0x00000000d5f00000)
  object space 157184K, 20% used [0x0000000081c00000,0x0000000083b3f720,0x000000008b580000)
 Metaspace       used 62728K, capacity 64200K, committed 64384K, reserved 1105920K
  class space    used 7966K, capacity 8276K, committed 8320K, reserved 1048576K
GC Heap History (10 events):
Event: 260.747 GC heap before
{Heap before GC invocations=20 (full 4):
 PSYoungGen      total 382976K, used 111381K [0x00000000d5f00000, 0x00000000f3400000, 0x0000000100000000)
  eden space 363008K, 26% used [0x00000000d5f00000,0x00000000dbdcfd08,0x00000000ec180000)
  from space 19968K, 71% used [0x00000000ec180000,0x00000000ecf75a08,0x00000000ed500000)
  to   space 20992K, 0% used [0x00000000f1f80000,0x00000000f1f80000,0x00000000f3400000)
 ParOldGen       total 157184K, used 34215K [0x0000000081c00000, 0x000000008b580000, 0x00000000d5f00000)
  object space 157184K, 21% used [0x0000000081c00000,0x0000000083d69e38,0x000000008b580000)
 Metaspace       used 60699K, capacity 61896K, committed 62080K, reserved 1103872K
  class space    used 7823K, capacity 8055K, committed 8064K, reserved 1048576K
Event: 260.759 GC heap after
Heap after GC invocations=20 (full 4):
 PSYoungGen      total 458240K, used 4983K [0x00000000d5f00000, 0x00000000f3300000, 0x0000000100000000)
  eden space 438272K, 0% used [0x00000000d5f00000,0x00000000d5f00000,0x00000000f0b00000)
  from space 19968K, 24% used [0x00000000f1f80000,0x00000000f245dd18,0x00000000f3300000)
  to   space 20480K, 0% used [0x00000000f0b00000,0x00000000f0b00000,0x00000000f1f00000)
 ParOldGen       total 157184K, used 34223K [0x0000000081c00000, 0x000000008b580000, 0x00000000d5f00000)
  object space 157184K, 21% used [0x0000000081c00000,0x0000000083d6be38,0x000000008b580000)
 Metaspace       used 60699K, capacity 61896K, committed 62080K, reserved 1103872K
  class space    used 7823K, capacity 8055K, committed 8064K, reserved 1048576K
}
Event: 260.759 GC heap before
{Heap before GC invocations=21 (full 5):
 PSYoungGen      total 458240K, used 4983K [0x00000000d5f00000, 0x00000000f3300000, 0x0000000100000000)
  eden space 438272K, 0% used [0x00000000d5f00000,0x00000000d5f00000,0x00000000f0b00000)
  from space 19968K, 24% used [0x00000000f1f80000,0x00000000f245dd18,0x00000000f3300000)
  to   space 20480K, 0% used [0x00000000f0b00000,0x00000000f0b00000,0x00000000f1f00000)
 ParOldGen       total 157184K, used 34223K [0x0000000081c00000, 0x000000008b580000, 0x00000000d5f00000)
  object space 157184K, 21% used [0x0000000081c00000,0x0000000083d6be38,0x000000008b580000)
 Metaspace       used 60699K, capacity 61896K, committed 62080K, reserved 1103872K
  class space    used 7823K, capacity 8055K, committed 8064K, reserved 1048576K
Event: 260.953 GC heap after
Heap after GC invocations=21 (full 5):
 PSYoungGen      total 458240K, used 0K [0x00000000d5f00000, 0x00000000f3300000, 0x0000000100000000)
  eden space 438272K, 0% used [0x00000000d5f00000,0x00000000d5f00000,0x00000000f0b00000)
  from space 19968K, 0% used [0x00000000f1f80000,0x00000000f1f80000,0x00000000f3300000)
  to   space 20480K, 0% used [0x00000000f0b00000,0x00000000f0b00000,0x00000000f1f00000)
 ParOldGen       total 157184K, used 31717K [0x0000000081c00000, 0x000000008b580000, 0x00000000d5f00000)
  object space 157184K, 20% used [0x0000000081c00000,0x0000000083af96a8,0x000000008b580000)
 Metaspace       used 60697K, capacity 61890K, committed 62080K, reserved 1103872K
  class space    used 7822K, capacity 8053K, committed 8064K, reserved 1048576K
}
Event: 293.783 GC heap before
{Heap before GC invocations=22 (full 5):
 PSYoungGen      total 458240K, used 438272K [0x00000000d5f00000, 0x00000000f3300000, 0x0000000100000000)
  eden space 438272K, 100% used [0x00000000d5f00000,0x00000000f0b00000,0x00000000f0b00000)
  from space 19968K, 0% used [0x00000000f1f80000,0x00000000f1f80000,0x00000000f3300000)
  to   space 20480K, 0% used [0x00000000f0b00000,0x00000000f0b00000,0x00000000f1f00000)
 ParOldGen       total 157184K, used 31717K [0x0000000081c00000, 0x000000008b580000, 0x00000000d5f00000)
  object space 157184K, 20% used [0x0000000081c00000,0x0000000083af96a8,0x000000008b580000)
 Metaspace       used 61642K, capacity 62896K, committed 62976K, reserved 1103872K
  class space    used 7883K, capacity 8150K, committed 8192K, reserved 1048576K
Event: 293.812 GC heap after
Heap after GC invocations=22 (full 5):
 PSYoungGen      total 458752K, used 14237K [0x00000000d5f00000, 0x00000000f8000000, 0x0000000100000000)
  eden space 438272K, 0% used [0x00000000d5f00000,0x00000000d5f00000,0x00000000f0b00000)
  from space 20480K, 69% used [0x00000000f0b00000,0x00000000f18e7620,0x00000000f1f00000)
  to   space 21504K, 0% used [0x00000000f6b00000,0x00000000f6b00000,0x00000000f8000000)
 ParOldGen       total 157184K, used 31725K [0x0000000081c00000, 0x000000008b580000, 0x00000000d5f00000)
  object space 157184K, 20% used [0x0000000081c00000,0x0000000083afb6a8,0x000000008b580000)
 Metaspace       used 61642K, capacity 62896K, committed 62976K, reserved 1103872K
  class space    used 7883K, capacity 8150K, committed 8192K, reserved 1048576K
}
Event: 309.379 GC heap before
{Heap before GC invocations=23 (full 5):
 PSYoungGen      total 458752K, used 40657K [0x00000000d5f00000, 0x00000000f8000000, 0x0000000100000000)
  eden space 438272K, 6% used [0x00000000d5f00000,0x00000000d78cd088,0x00000000f0b00000)
  from space 20480K, 69% used [0x00000000f0b00000,0x00000000f18e7620,0x00000000f1f00000)
  to   space 21504K, 0% used [0x00000000f6b00000,0x00000000f6b00000,0x00000000f8000000)
 ParOldGen       total 157184K, used 31725K [0x0000000081c00000, 0x000000008b580000, 0x00000000d5f00000)
  object space 157184K, 20% used [0x0000000081c00000,0x0000000083afb6a8,0x000000008b580000)
 Metaspace       used 61730K, capacity 63036K, committed 63232K, reserved 1103872K
  class space    used 7887K, capacity 8153K, committed 8192K, reserved 1048576K
Event: 309.389 GC heap after
Heap after GC invocations=23 (full 5):
 PSYoungGen      total 535552K, used 4634K [0x00000000d5f00000, 0x00000000f7f00000, 0x0000000100000000)
  eden space 515072K, 0% used [0x00000000d5f00000,0x00000000d5f00000,0x00000000f5600000)
  from space 20480K, 22% used [0x00000000f6b00000,0x00000000f6f86838,0x00000000f7f00000)
  to   space 20992K, 0% used [0x00000000f5600000,0x00000000f5600000,0x00000000f6a80000)
 ParOldGen       total 157184K, used 31733K [0x0000000081c00000, 0x000000008b580000, 0x00000000d5f00000)
  object space 157184K, 20% used [0x0000000081c00000,0x0000000083afd6a8,0x000000008b580000)
 Metaspace       used 61730K, capacity 63036K, committed 63232K, reserved 1103872K
  class space    used 7887K, capacity 8153K, committed 8192K, reserved 1048576K
}
Event: 309.389 GC heap before
{Heap before GC invocations=24 (full 6):
 PSYoungGen      total 535552K, used 4634K [0x00000000d5f00000, 0x00000000f7f00000, 0x0000000100000000)
  eden space 515072K, 0% used [0x00000000d5f00000,0x00000000d5f00000,0x00000000f5600000)
  from space 20480K, 22% used [0x00000000f6b00000,0x00000000f6f86838,0x00000000f7f00000)
  to   space 20992K, 0% used [0x00000000f5600000,0x00000000f5600000,0x00000000f6a80000)
 ParOldGen       total 157184K, used 31733K [0x0000000081c00000, 0x000000008b580000, 0x00000000d5f00000)
  object space 157184K, 20% used [0x0000000081c00000,0x0000000083afd6a8,0x000000008b580000)
 Metaspace       used 61730K, capacity 63036K, committed 63232K, reserved 1103872K
  class space    used 7887K, capacity 8153K, committed 8192K, reserved 1048576K
Event: 309.608 GC heap after
Heap after GC invocations=24 (full 6):
 PSYoungGen      total 535552K, used 0K [0x00000000d5f00000, 0x00000000f7f00000, 0x0000000100000000)
  eden space 515072K, 0% used [0x00000000d5f00000,0x00000000d5f00000,0x00000000f5600000)
  from space 20480K, 0% used [0x00000000f6b00000,0x00000000f6b00000,0x00000000f7f00000)
  to   space 20992K, 0% used [0x00000000f5600000,0x00000000f5600000,0x00000000f6a80000)
 ParOldGen       total 157184K, used 31997K [0x0000000081c00000, 0x000000008b580000, 0x00000000d5f00000)
  object space 157184K, 20% used [0x0000000081c00000,0x0000000083b3f720,0x000000008b580000)
 Metaspace       used 61728K, capacity 63030K, committed 63232K, reserved 1103872K
  class space    used 7887K, capacity 8151K, committed 8192K, reserved 1048576K
}

