# JRE version: Java(TM) SE Runtime Environment (8.0_73-b02) (build 1.8.0_73-b02)
# Java VM: Java HotSpot(TM) 64-Bit Server VM (25.73-b02 mixed mode windows-amd64 compressed oops)
Heap:
 PSYoungGen      total 318976K, used 176597K [0x00000000d5f00000, 0x00000000eb000000, 0x0000000100000000)
  eden space 308224K, 53% used [0x00000000d5f00000,0x00000000e0188fb8,0x00000000e8c00000)
  from space 10752K, 94% used [0x00000000ea580000,0x00000000eaf6c790,0x00000000eb000000)
  to   space 18432K, 0% used [0x00000000e8c00000,0x00000000e8c00000,0x00000000e9e00000)
 ParOldGen       total 111104K, used 38362K [0x0000000081c00000, 0x0000000088880000, 0x00000000d5f00000)
  object space 111104K, 34% used [0x0000000081c00000,0x00000000841768b8,0x0000000088880000)
 Metaspace       used 58061K, capacity 58750K, committed 59160K, reserved 1101824K
  class space    used 7560K, capacity 7748K, committed 7808K, reserved 1048576K
GC Heap History (10 events):
Event: 6.054 GC heap before
{Heap before GC invocations=10 (full 1):
 PSYoungGen      total 202752K, used 202573K [0x00000000d5f00000, 0x00000000e7100000, 0x0000000100000000)
  eden space 195584K, 100% used [0x00000000d5f00000,0x00000000e1e00000,0x00000000e1e00000)
  from space 7168K, 97% used [0x00000000e6a00000,0x00000000e70d34e8,0x00000000e7100000)
  to   space 9216K, 0% used [0x00000000e5f00000,0x00000000e5f00000,0x00000000e6800000)
 ParOldGen       total 60416K, used 7908K [0x0000000081c00000, 0x0000000085700000, 0x00000000d5f00000)
  object space 60416K, 13% used [0x0000000081c00000,0x00000000823b91d0,0x0000000085700000)
 Metaspace       used 30172K, capacity 30634K, committed 30848K, reserved 1077248K
  class space    used 3751K, capacity 3876K, committed 3968K, reserved 1048576K
Event: 6.068 GC heap after
Heap after GC invocations=10 (full 1):
 PSYoungGen      total 256000K, used 9202K [0x00000000d5f00000, 0x00000000e6a80000, 0x0000000100000000)
  eden space 246784K, 0% used [0x00000000d5f00000,0x00000000d5f00000,0x00000000e5000000)
  from space 9216K, 99% used [0x00000000e5f00000,0x00000000e67fc9f8,0x00000000e6800000)
  to   space 2560K, 0% used [0x00000000e6800000,0x00000000e6800000,0x00000000e6a80000)
 ParOldGen       total 60416K, used 13555K [0x0000000081c00000, 0x0000000085700000, 0x00000000d5f00000)
  object space 60416K, 22% used [0x0000000081c00000,0x000000008293cdc8,0x0000000085700000)
 Metaspace       used 30172K, capacity 30634K, committed 30848K, reserved 1077248K
  class space    used 3751K, capacity 3876K, committed 3968K, reserved 1048576K
}
Event: 7.426 GC heap before
{Heap before GC invocations=11 (full 1):
 PSYoungGen      total 256000K, used 151063K [0x00000000d5f00000, 0x00000000e6a80000, 0x0000000100000000)
  eden space 246784K, 57% used [0x00000000d5f00000,0x00000000de9893e8,0x00000000e5000000)
  from space 9216K, 99% used [0x00000000e5f00000,0x00000000e67fc9f8,0x00000000e6800000)
  to   space 2560K, 0% used [0x00000000e6800000,0x00000000e6800000,0x00000000e6a80000)
 ParOldGen       total 60416K, used 13555K [0x0000000081c00000, 0x0000000085700000, 0x00000000d5f00000)
  object space 60416K, 22% used [0x0000000081c00000,0x000000008293cdc8,0x0000000085700000)
 Metaspace       used 34761K, capacity 35266K, committed 35496K, reserved 1081344K
  class space    used 4434K, capacity 4584K, committed 4608K, reserved 1048576K
Event: 7.445 GC heap after
Heap after GC invocations=11 (full 1):
 PSYoungGen      total 258560K, used 2528K [0x00000000d5f00000, 0x00000000eaa80000, 0x0000000100000000)
  eden space 256000K, 0% used [0x00000000d5f00000,0x00000000d5f00000,0x00000000e5900000)
  from space 2560K, 98% used [0x00000000e6800000,0x00000000e6a78020,0x00000000e6a80000)
  to   space 15360K, 0% used [0x00000000e5900000,0x00000000e5900000,0x00000000e6800000)
 ParOldGen       total 60416K, used 27104K [0x0000000081c00000, 0x0000000085700000, 0x00000000d5f00000)
  object space 60416K, 44% used [0x0000000081c00000,0x00000000836783e0,0x0000000085700000)
 Metaspace       used 34761K, capacity 35266K, committed 35496K, reserved 1081344K
  class space    used 4434K, capacity 4584K, committed 4608K, reserved 1048576K
}
Event: 7.445 GC heap before
{Heap before GC invocations=12 (full 2):
 PSYoungGen      total 258560K, used 2528K [0x00000000d5f00000, 0x00000000eaa80000, 0x0000000100000000)
  eden space 256000K, 0% used [0x00000000d5f00000,0x00000000d5f00000,0x00000000e5900000)
  from space 2560K, 98% used [0x00000000e6800000,0x00000000e6a78020,0x00000000e6a80000)
  to   space 15360K, 0% used [0x00000000e5900000,0x00000000e5900000,0x00000000e6800000)
 ParOldGen       total 60416K, used 27104K [0x0000000081c00000, 0x0000000085700000, 0x00000000d5f00000)
  object space 60416K, 44% used [0x0000000081c00000,0x00000000836783e0,0x0000000085700000)
 Metaspace       used 34761K, capacity 35266K, committed 35496K, reserved 1081344K
  class space    used 4434K, capacity 4584K, committed 4608K, reserved 1048576K
Event: 7.543 GC heap after
Heap after GC invocations=12 (full 2):
 PSYoungGen      total 258560K, used 0K [0x00000000d5f00000, 0x00000000eaa80000, 0x0000000100000000)
  eden space 256000K, 0% used [0x00000000d5f00000,0x00000000d5f00000,0x00000000e5900000)
  from space 2560K, 0% used [0x00000000e6800000,0x00000000e6800000,0x00000000e6a80000)
  to   space 15360K, 0% used [0x00000000e5900000,0x00000000e5900000,0x00000000e6800000)
 ParOldGen       total 111104K, used 23850K [0x0000000081c00000, 0x0000000088880000, 0x00000000d5f00000)
  object space 111104K, 21% used [0x0000000081c00000,0x000000008334a8f0,0x0000000088880000)
 Metaspace       used 34761K, capacity 35266K, committed 35496K, reserved 1081344K
  class space    used 4434K, capacity 4584K, committed 4608K, reserved 1048576K
}
Event: 10.946 GC heap before
{Heap before GC invocations=13 (full 2):
 PSYoungGen      total 258560K, used 256000K [0x00000000d5f00000, 0x00000000eaa80000, 0x0000000100000000)
  eden space 256000K, 100% used [0x00000000d5f00000,0x00000000e5900000,0x00000000e5900000)
  from space 2560K, 0% used [0x00000000e6800000,0x00000000e6800000,0x00000000e6a80000)
  to   space 15360K, 0% used [0x00000000e5900000,0x00000000e5900000,0x00000000e6800000)
 ParOldGen       total 111104K, used 23850K [0x0000000081c00000, 0x0000000088880000, 0x00000000d5f00000)
  object space 111104K, 21% used [0x0000000081c00000,0x000000008334a8f0,0x0000000088880000)
 Metaspace       used 48982K, capacity 49664K, committed 50048K, reserved 1093632K
  class space    used 6340K, capacity 6525K, committed 6528K, reserved 1048576K
Event: 10.967 GC heap after
Heap after GC invocations=13 (full 2):
 PSYoungGen      total 271360K, used 15351K [0x00000000d5f00000, 0x00000000eb880000, 0x0000000100000000)
  eden space 256000K, 0% used [0x00000000d5f00000,0x00000000d5f00000,0x00000000e5900000)
  from space 15360K, 99% used [0x00000000e5900000,0x00000000e67fddd0,0x00000000e6800000)
  to   space 19456K, 0% used [0x00000000ea580000,0x00000000ea580000,0x00000000eb880000)
 ParOldGen       total 111104K, used 28793K [0x0000000081c00000, 0x0000000088880000, 0x00000000d5f00000)
  object space 111104K, 25% used [0x0000000081c00000,0x000000008381e6b8,0x0000000088880000)
 Metaspace       used 48982K, capacity 49664K, committed 50048K, reserved 1093632K
  class space    used 6340K, capacity 6525K, committed 6528K, reserved 1048576K
}
Event: 18.914 GC heap before
{Heap before GC invocations=14 (full 2):
 PSYoungGen      total 271360K, used 271351K [0x00000000d5f00000, 0x00000000eb880000, 0x0000000100000000)
  eden space 256000K, 100% used [0x00000000d5f00000,0x00000000e5900000,0x00000000e5900000)
  from space 15360K, 99% used [0x00000000e5900000,0x00000000e67fddd0,0x00000000e6800000)
  to   space 19456K, 0% used [0x00000000ea580000,0x00000000ea580000,0x00000000eb880000)
 ParOldGen       total 111104K, used 28793K [0x0000000081c00000, 0x0000000088880000, 0x00000000d5f00000)
  object space 111104K, 25% used [0x0000000081c00000,0x000000008381e6b8,0x0000000088880000)
 Metaspace       used 52687K, capacity 53384K, committed 53632K, reserved 1095680K
  class space    used 6874K, capacity 7033K, committed 7040K, reserved 1048576K
Event: 18.949 GC heap after
Heap after GC invocations=14 (full 2):
 PSYoungGen      total 318976K, used 10161K [0x00000000d5f00000, 0x00000000eb000000, 0x0000000100000000)
  eden space 308224K, 0% used [0x00000000d5f00000,0x00000000d5f00000,0x00000000e8c00000)
  from space 10752K, 94% used [0x00000000ea580000,0x00000000eaf6c790,0x00000000eb000000)
  to   space 18432K, 0% used [0x00000000e8c00000,0x00000000e8c00000,0x00000000e9e00000)
 ParOldGen       total 111104K, used 38362K [0x0000000081c00000, 0x0000000088880000, 0x00000000d5f00000)
  object space 111104K, 34% used [0x0000000081c00000,0x00000000841768b8,0x0000000088880000)
 Metaspace       used 52687K, capacity 53384K, committed 53632K, reserved 1095680K
  class space    used 6874K, capacity 7033K, committed 7040K, reserved 1048576K
}

